[2022-07-25 02:18:00,934] INFO Reading configuration from: /vagrant/kafka/kafka_2.12-2.8.1/config/zookeeper.properties (org.apache.zookeeper.server.quorum.QuorumPeerConfig)
[2022-07-25 02:18:00,961] INFO clientPortAddress is 0.0.0.0:2181 (org.apache.zookeeper.server.quorum.QuorumPeerConfig)
[2022-07-25 02:18:00,962] INFO secureClientPort is not set (org.apache.zookeeper.server.quorum.QuorumPeerConfig)
[2022-07-25 02:18:00,964] INFO autopurge.snapRetainCount set to 3 (org.apache.zookeeper.server.DatadirCleanupManager)
[2022-07-25 02:18:00,964] INFO autopurge.purgeInterval set to 0 (org.apache.zookeeper.server.DatadirCleanupManager)
[2022-07-25 02:18:00,964] INFO Purge task is not scheduled. (org.apache.zookeeper.server.DatadirCleanupManager)
[2022-07-25 02:18:00,964] WARN Either no config or no quorum defined in config, running  in standalone mode (org.apache.zookeeper.server.quorum.QuorumPeerMain)
[2022-07-25 02:18:00,967] INFO Log4j 1.2 jmx support found and enabled. (org.apache.zookeeper.jmx.ManagedUtil)
[2022-07-25 02:18:00,977] INFO Reading configuration from: /vagrant/kafka/kafka_2.12-2.8.1/config/zookeeper.properties (org.apache.zookeeper.server.quorum.QuorumPeerConfig)
[2022-07-25 02:18:00,978] INFO clientPortAddress is 0.0.0.0:2181 (org.apache.zookeeper.server.quorum.QuorumPeerConfig)
[2022-07-25 02:18:00,978] INFO secureClientPort is not set (org.apache.zookeeper.server.quorum.QuorumPeerConfig)
[2022-07-25 02:18:00,978] INFO Starting server (org.apache.zookeeper.server.ZooKeeperServerMain)
[2022-07-25 02:18:00,994] INFO zookeeper.snapshot.trust.empty : false (org.apache.zookeeper.server.persistence.FileTxnSnapLog)
[2022-07-25 02:18:01,009] INFO Server environment:zookeeper.version=3.5.9-83df9301aa5c2a5d284a9940177808c01bc35cef, built on 01/06/2021 20:03 GMT (org.apache.zookeeper.server.ZooKeeperServer)
[2022-07-25 02:18:01,009] INFO Server environment:host.name=vagrant.vm (org.apache.zookeeper.server.ZooKeeperServer)
[2022-07-25 02:18:01,009] INFO Server environment:java.version=1.8.0_312 (org.apache.zookeeper.server.ZooKeeperServer)
[2022-07-25 02:18:01,009] INFO Server environment:java.vendor=Private Build (org.apache.zookeeper.server.ZooKeeperServer)
[2022-07-25 02:18:01,010] INFO Server environment:java.home=/usr/lib/jvm/java-8-openjdk-amd64/jre (org.apache.zookeeper.server.ZooKeeperServer)
[2022-07-25 02:18:01,010] INFO Server environment:java.class.path=/vagrant/kafka/kafka_2.12-2.8.1/bin/../libs/activation-1.1.1.jar:/vagrant/kafka/kafka_2.12-2.8.1/bin/../libs/aopalliance-repackaged-2.6.1.jar:/vagrant/kafka/kafka_2.12-2.8.1/bin/../libs/argparse4j-0.7.0.jar:/vagrant/kafka/kafka_2.12-2.8.1/bin/../libs/audience-annotations-0.5.0.jar:/vagrant/kafka/kafka_2.12-2.8.1/bin/../libs/commons-cli-1.4.jar:/vagrant/kafka/kafka_2.12-2.8.1/bin/../libs/commons-lang3-3.8.1.jar:/vagrant/kafka/kafka_2.12-2.8.1/bin/../libs/connect-api-2.8.1.jar:/vagrant/kafka/kafka_2.12-2.8.1/bin/../libs/connect-basic-auth-extension-2.8.1.jar:/vagrant/kafka/kafka_2.12-2.8.1/bin/../libs/connect-file-2.8.1.jar:/vagrant/kafka/kafka_2.12-2.8.1/bin/../libs/connect-json-2.8.1.jar:/vagrant/kafka/kafka_2.12-2.8.1/bin/../libs/connect-mirror-2.8.1.jar:/vagrant/kafka/kafka_2.12-2.8.1/bin/../libs/connect-mirror-client-2.8.1.jar:/vagrant/kafka/kafka_2.12-2.8.1/bin/../libs/connect-runtime-2.8.1.jar:/vagrant/kafka/kafka_2.12-2.8.1/bin/../libs/connect-transforms-2.8.1.jar:/vagrant/kafka/kafka_2.12-2.8.1/bin/../libs/hk2-api-2.6.1.jar:/vagrant/kafka/kafka_2.12-2.8.1/bin/../libs/hk2-locator-2.6.1.jar:/vagrant/kafka/kafka_2.12-2.8.1/bin/../libs/hk2-utils-2.6.1.jar:/vagrant/kafka/kafka_2.12-2.8.1/bin/../libs/jackson-annotations-2.10.5.jar:/vagrant/kafka/kafka_2.12-2.8.1/bin/../libs/jackson-core-2.10.5.jar:/vagrant/kafka/kafka_2.12-2.8.1/bin/../libs/jackson-databind-2.10.5.1.jar:/vagrant/kafka/kafka_2.12-2.8.1/bin/../libs/jackson-dataformat-csv-2.10.5.jar:/vagrant/kafka/kafka_2.12-2.8.1/bin/../libs/jackson-datatype-jdk8-2.10.5.jar:/vagrant/kafka/kafka_2.12-2.8.1/bin/../libs/jackson-jaxrs-base-2.10.5.jar:/vagrant/kafka/kafka_2.12-2.8.1/bin/../libs/jackson-jaxrs-json-provider-2.10.5.jar:/vagrant/kafka/kafka_2.12-2.8.1/bin/../libs/jackson-module-jaxb-annotations-2.10.5.jar:/vagrant/kafka/kafka_2.12-2.8.1/bin/../libs/jackson-module-paranamer-2.10.5.jar:/vagrant/kafka/kafka_2.12-2.8.1/bin/../libs/jackson-module-scala_2.12-2.10.5.jar:/vagrant/kafka/kafka_2.12-2.8.1/bin/../libs/jakarta.activation-api-1.2.1.jar:/vagrant/kafka/kafka_2.12-2.8.1/bin/../libs/jakarta.annotation-api-1.3.5.jar:/vagrant/kafka/kafka_2.12-2.8.1/bin/../libs/jakarta.inject-2.6.1.jar:/vagrant/kafka/kafka_2.12-2.8.1/bin/../libs/jakarta.validation-api-2.0.2.jar:/vagrant/kafka/kafka_2.12-2.8.1/bin/../libs/jakarta.ws.rs-api-2.1.6.jar:/vagrant/kafka/kafka_2.12-2.8.1/bin/../libs/jakarta.xml.bind-api-2.3.2.jar:/vagrant/kafka/kafka_2.12-2.8.1/bin/../libs/javassist-3.27.0-GA.jar:/vagrant/kafka/kafka_2.12-2.8.1/bin/../libs/javax.servlet-api-3.1.0.jar:/vagrant/kafka/kafka_2.12-2.8.1/bin/../libs/javax.ws.rs-api-2.1.1.jar:/vagrant/kafka/kafka_2.12-2.8.1/bin/../libs/jaxb-api-2.3.0.jar:/vagrant/kafka/kafka_2.12-2.8.1/bin/../libs/jersey-client-2.34.jar:/vagrant/kafka/kafka_2.12-2.8.1/bin/../libs/jersey-common-2.34.jar:/vagrant/kafka/kafka_2.12-2.8.1/bin/../libs/jersey-container-servlet-2.34.jar:/vagrant/kafka/kafka_2.12-2.8.1/bin/../libs/jersey-container-servlet-core-2.34.jar:/vagrant/kafka/kafka_2.12-2.8.1/bin/../libs/jersey-hk2-2.34.jar:/vagrant/kafka/kafka_2.12-2.8.1/bin/../libs/jersey-server-2.34.jar:/vagrant/kafka/kafka_2.12-2.8.1/bin/../libs/jetty-client-9.4.43.v20210629.jar:/vagrant/kafka/kafka_2.12-2.8.1/bin/../libs/jetty-continuation-9.4.43.v20210629.jar:/vagrant/kafka/kafka_2.12-2.8.1/bin/../libs/jetty-http-9.4.43.v20210629.jar:/vagrant/kafka/kafka_2.12-2.8.1/bin/../libs/jetty-io-9.4.43.v20210629.jar:/vagrant/kafka/kafka_2.12-2.8.1/bin/../libs/jetty-security-9.4.43.v20210629.jar:/vagrant/kafka/kafka_2.12-2.8.1/bin/../libs/jetty-server-9.4.43.v20210629.jar:/vagrant/kafka/kafka_2.12-2.8.1/bin/../libs/jetty-servlet-9.4.43.v20210629.jar:/vagrant/kafka/kafka_2.12-2.8.1/bin/../libs/jetty-servlets-9.4.43.v20210629.jar:/vagrant/kafka/kafka_2.12-2.8.1/bin/../libs/jetty-util-9.4.43.v20210629.jar:/vagrant/kafka/kafka_2.12-2.8.1/bin/../libs/jetty-util-ajax-9.4.43.v20210629.jar:/vagrant/kafka/kafka_2.12-2.8.1/bin/../libs/jline-3.12.1.jar:/vagrant/kafka/kafka_2.12-2.8.1/bin/../libs/jopt-simple-5.0.4.jar:/vagrant/kafka/kafka_2.12-2.8.1/bin/../libs/kafka_2.12-2.8.1.jar:/vagrant/kafka/kafka_2.12-2.8.1/bin/../libs/kafka_2.12-2.8.1-sources.jar:/vagrant/kafka/kafka_2.12-2.8.1/bin/../libs/kafka-clients-2.8.1.jar:/vagrant/kafka/kafka_2.12-2.8.1/bin/../libs/kafka-log4j-appender-2.8.1.jar:/vagrant/kafka/kafka_2.12-2.8.1/bin/../libs/kafka-metadata-2.8.1.jar:/vagrant/kafka/kafka_2.12-2.8.1/bin/../libs/kafka-raft-2.8.1.jar:/vagrant/kafka/kafka_2.12-2.8.1/bin/../libs/kafka-shell-2.8.1.jar:/vagrant/kafka/kafka_2.12-2.8.1/bin/../libs/kafka-streams-2.8.1.jar:/vagrant/kafka/kafka_2.12-2.8.1/bin/../libs/kafka-streams-examples-2.8.1.jar:/vagrant/kafka/kafka_2.12-2.8.1/bin/../libs/kafka-streams-scala_2.12-2.8.1.jar:/vagrant/kafka/kafka_2.12-2.8.1/bin/../libs/kafka-streams-test-utils-2.8.1.jar:/vagrant/kafka/kafka_2.12-2.8.1/bin/../libs/kafka-tools-2.8.1.jar:/vagrant/kafka/kafka_2.12-2.8.1/bin/../libs/log4j-1.2.17.jar:/vagrant/kafka/kafka_2.12-2.8.1/bin/../libs/lz4-java-1.7.1.jar:/vagrant/kafka/kafka_2.12-2.8.1/bin/../libs/maven-artifact-3.8.1.jar:/vagrant/kafka/kafka_2.12-2.8.1/bin/../libs/metrics-core-2.2.0.jar:/vagrant/kafka/kafka_2.12-2.8.1/bin/../libs/netty-buffer-4.1.62.Final.jar:/vagrant/kafka/kafka_2.12-2.8.1/bin/../libs/netty-codec-4.1.62.Final.jar:/vagrant/kafka/kafka_2.12-2.8.1/bin/../libs/netty-common-4.1.62.Final.jar:/vagrant/kafka/kafka_2.12-2.8.1/bin/../libs/netty-handler-4.1.62.Final.jar:/vagrant/kafka/kafka_2.12-2.8.1/bin/../libs/netty-resolver-4.1.62.Final.jar:/vagrant/kafka/kafka_2.12-2.8.1/bin/../libs/netty-transport-4.1.62.Final.jar:/vagrant/kafka/kafka_2.12-2.8.1/bin/../libs/netty-transport-native-epoll-4.1.62.Final.jar:/vagrant/kafka/kafka_2.12-2.8.1/bin/../libs/netty-transport-native-unix-common-4.1.62.Final.jar:/vagrant/kafka/kafka_2.12-2.8.1/bin/../libs/osgi-resource-locator-1.0.3.jar:/vagrant/kafka/kafka_2.12-2.8.1/bin/../libs/paranamer-2.8.jar:/vagrant/kafka/kafka_2.12-2.8.1/bin/../libs/plexus-utils-3.2.1.jar:/vagrant/kafka/kafka_2.12-2.8.1/bin/../libs/reflections-0.9.12.jar:/vagrant/kafka/kafka_2.12-2.8.1/bin/../libs/rocksdbjni-5.18.4.jar:/vagrant/kafka/kafka_2.12-2.8.1/bin/../libs/scala-collection-compat_2.12-2.3.0.jar:/vagrant/kafka/kafka_2.12-2.8.1/bin/../libs/scala-java8-compat_2.12-0.9.1.jar:/vagrant/kafka/kafka_2.12-2.8.1/bin/../libs/scala-library-2.12.13.jar:/vagrant/kafka/kafka_2.12-2.8.1/bin/../libs/scala-logging_2.12-3.9.2.jar:/vagrant/kafka/kafka_2.12-2.8.1/bin/../libs/scala-reflect-2.12.13.jar:/vagrant/kafka/kafka_2.12-2.8.1/bin/../libs/slf4j-api-1.7.30.jar:/vagrant/kafka/kafka_2.12-2.8.1/bin/../libs/slf4j-log4j12-1.7.30.jar:/vagrant/kafka/kafka_2.12-2.8.1/bin/../libs/snappy-java-1.1.8.1.jar:/vagrant/kafka/kafka_2.12-2.8.1/bin/../libs/zookeeper-3.5.9.jar:/vagrant/kafka/kafka_2.12-2.8.1/bin/../libs/zookeeper-jute-3.5.9.jar:/vagrant/kafka/kafka_2.12-2.8.1/bin/../libs/zstd-jni-1.4.9-1.jar (org.apache.zookeeper.server.ZooKeeperServer)
[2022-07-25 02:18:01,010] INFO Server environment:java.library.path=/usr/java/packages/lib/amd64:/usr/lib/x86_64-linux-gnu/jni:/lib/x86_64-linux-gnu:/usr/lib/x86_64-linux-gnu:/usr/lib/jni:/lib:/usr/lib (org.apache.zookeeper.server.ZooKeeperServer)
[2022-07-25 02:18:01,010] INFO Server environment:java.io.tmpdir=/tmp (org.apache.zookeeper.server.ZooKeeperServer)
[2022-07-25 02:18:01,010] INFO Server environment:java.compiler=<NA> (org.apache.zookeeper.server.ZooKeeperServer)
[2022-07-25 02:18:01,011] INFO Server environment:os.name=Linux (org.apache.zookeeper.server.ZooKeeperServer)
[2022-07-25 02:18:01,011] INFO Server environment:os.arch=amd64 (org.apache.zookeeper.server.ZooKeeperServer)
[2022-07-25 02:18:01,011] INFO Server environment:os.version=4.15.0-58-generic (org.apache.zookeeper.server.ZooKeeperServer)
[2022-07-25 02:18:01,011] INFO Server environment:user.name=vagrant (org.apache.zookeeper.server.ZooKeeperServer)
[2022-07-25 02:18:01,011] INFO Server environment:user.home=/home/vagrant (org.apache.zookeeper.server.ZooKeeperServer)
[2022-07-25 02:18:01,011] INFO Server environment:user.dir=/home/vagrant (org.apache.zookeeper.server.ZooKeeperServer)
[2022-07-25 02:18:01,011] INFO Server environment:os.memory.free=495MB (org.apache.zookeeper.server.ZooKeeperServer)
[2022-07-25 02:18:01,012] INFO Server environment:os.memory.max=512MB (org.apache.zookeeper.server.ZooKeeperServer)
[2022-07-25 02:18:01,012] INFO Server environment:os.memory.total=512MB (org.apache.zookeeper.server.ZooKeeperServer)
[2022-07-25 02:18:01,013] INFO minSessionTimeout set to 6000 (org.apache.zookeeper.server.ZooKeeperServer)
[2022-07-25 02:18:01,013] INFO maxSessionTimeout set to 60000 (org.apache.zookeeper.server.ZooKeeperServer)
[2022-07-25 02:18:01,014] INFO Created server with tickTime 3000 minSessionTimeout 6000 maxSessionTimeout 60000 datadir /tmp/zookeeper/version-2 snapdir /tmp/zookeeper/version-2 (org.apache.zookeeper.server.ZooKeeperServer)
[2022-07-25 02:18:01,024] INFO Using org.apache.zookeeper.server.NIOServerCnxnFactory as server connection factory (org.apache.zookeeper.server.ServerCnxnFactory)
[2022-07-25 02:18:01,028] INFO Configuring NIO connection handler with 10s sessionless connection timeout, 1 selector thread(s), 8 worker threads, and 64 kB direct buffers. (org.apache.zookeeper.server.NIOServerCnxnFactory)
[2022-07-25 02:18:01,034] INFO binding to port 0.0.0.0/0.0.0.0:2181 (org.apache.zookeeper.server.NIOServerCnxnFactory)
[2022-07-25 02:18:01,047] INFO zookeeper.snapshotSizeFactor = 0.33 (org.apache.zookeeper.server.ZKDatabase)
[2022-07-25 02:18:01,050] INFO Snapshotting: 0x0 to /tmp/zookeeper/version-2/snapshot.0 (org.apache.zookeeper.server.persistence.FileTxnSnapLog)
[2022-07-25 02:18:01,054] INFO Snapshotting: 0x0 to /tmp/zookeeper/version-2/snapshot.0 (org.apache.zookeeper.server.persistence.FileTxnSnapLog)
[2022-07-25 02:18:01,066] INFO PrepRequestProcessor (sid:0) started, reconfigEnabled=false (org.apache.zookeeper.server.PrepRequestProcessor)
[2022-07-25 02:18:01,070] INFO Using checkIntervalMs=60000 maxPerMinute=10000 (org.apache.zookeeper.server.ContainerManager)
[2022-07-25 02:18:10,070] INFO Creating new log file: log.1 (org.apache.zookeeper.server.persistence.FileTxnLog)
